<?xml version="1.0" encoding="UTF-8"?>
<!-- Generated by org.testng.reporters.JUnitReportReporter -->
<testsuite hostname="Suhasini_Raj" failures="0" tests="3" name="Suhasiniraj.SeleniumFramework2.SubmitOrderTest" time="14.064" errors="0" timestamp="2024-04-19T20:35:23 IST" skipped="0">
  <testcase classname="Suhasiniraj.SeleniumFramework2.SubmitOrderTest" name="OrderHistoryTest" time="4.938"/>
  <testcase classname="Suhasiniraj.SeleniumFramework2.SubmitOrderTest" name="submitOrder" time="4.551"/>
  <testcase classname="Suhasiniraj.SeleniumFramework2.SubmitOrderTest" name="submitOrder" time="4.575"/>
</testsuite> <!-- Suhasiniraj.SeleniumFramework2.SubmitOrderTest -->
