<?xml version="1.0" encoding="UTF-8"?>
<!-- Generated by org.testng.reporters.JUnitReportReporter -->
<testsuite hostname="Suhasini_Raj" failures="0" tests="3" name="Suhasiniraj.SeleniumFramework2.SubmitOrderTest" time="19.190" errors="0" timestamp="2024-04-22T22:48:28 IST" skipped="0">
  <testcase classname="Suhasiniraj.SeleniumFramework2.SubmitOrderTest" name="submitOrder" time="5.959"/>
  <testcase classname="Suhasiniraj.SeleniumFramework2.SubmitOrderTest" name="OrderHistoryTest" time="6.263"/>
  <testcase classname="Suhasiniraj.SeleniumFramework2.SubmitOrderTest" name="submitOrder" time="6.968"/>
</testsuite> <!-- Suhasiniraj.SeleniumFramework2.SubmitOrderTest -->
